<?xml version="1.0" encoding="UTF-8"?>
<testsuite xmlns:xsi="http://www.w3.org/2001/XMLSchema-instance" xsi:noNamespaceSchemaLocation="https://maven.apache.org/surefire/maven-surefire-plugin/xsd/surefire-test-report.xsd" version="3.0.2" name="com.now.app.be.main.NewNowAppBeMainApplicationTests" time="1.852" tests="1" errors="0" skipped="0" failures="0">
  <properties>
[...]
</properties>
  <testcase name="contextLoads" classname="com.now.app.be.main.NewNowAppBeMainApplicationTests" time="0.3">
    <system-out><![CDATA[09:17:15.752 [main] INFO org.springframework.test.context.support.AnnotationConfigContextLoaderUtils -- Could not detect default configuration classes for test class [com.now.app.be.main.NewNowAppBeMainApplicationTests]: NewNowAppBeMainApplicationTests does not declare any static, non-private, non-final, nested classes annotated with @Configuration.
09:17:15.800 [main] INFO org.springframework.boot.test.context.SpringBootTestContextBootstrapper -- Found @SpringBootConfiguration com.now.app.be.main.NewNowAppBeMainApplication for test class com.now.app.be.main.NewNowAppBeMainApplicationTests
09:17:15.870 [main] INFO org.springframework.boot.devtools.restart.RestartApplicationListener -- Restart disabled due to context in which it is running

  .   ____          _            __ _ _
 /\\ / ___'_ __ _ _(_)_ __  __ _ \ \ \ \
( ( )\___ | '_ | '_| | '_ \/ _` | \ \ \ \
 \\/  ___)| |_)| | | | | || (_| |  ) ) ) )
  '  |____| .__|_| |_|_| |_\__, | / / / /
 =========|_|==============|___/=/_/_/_/

 :: Spring Boot ::                (v3.5.5)

2025-09-11T09:17:16.006+02:00  INFO 18161 --- [NewNowAppBe-Main] [           main] .n.a.b.m.NewNowAppBeMainApplicationTests : Starting NewNowAppBeMainApplicationTests using Java 21.0.6 with PID 18161 (started by joseplasenciavillarejo in /Users/joseplasenciavillarejo/git/NewNowApp-BE)
2025-09-11T09:17:16.006+02:00  INFO 18161 --- [NewNowAppBe-Main] [           main] .n.a.b.m.NewNowAppBeMainApplicationTests : No active profile set, falling back to 1 default profile: "default"
2025-09-11T09:17:16.323+02:00  INFO 18161 --- [NewNowAppBe-Main] [           main] .s.d.r.c.RepositoryConfigurationDelegate : Bootstrapping Spring Data JPA repositories in DEFAULT mode.
2025-09-11T09:17:16.336+02:00  INFO 18161 --- [NewNowAppBe-Main] [           main] .s.d.r.c.RepositoryConfigurationDelegate : Finished Spring Data repository scanning in 8 ms. Found 0 JPA repository interfaces.
2025-09-11T09:17:16.530+02:00  INFO 18161 --- [NewNowAppBe-Main] [           main] com.zaxxer.hikari.HikariDataSource       : HikariPool-1 - Starting...
2025-09-11T09:17:16.614+02:00  INFO 18161 --- [NewNowAppBe-Main] [           main] com.zaxxer.hikari.pool.HikariPool        : HikariPool-1 - Added connection conn0: url=jdbc:h2:mem:nowappdb user=TEST
2025-09-11T09:17:16.615+02:00  INFO 18161 --- [NewNowAppBe-Main] [           main] com.zaxxer.hikari.HikariDataSource       : HikariPool-1 - Start completed.
2025-09-11T09:17:16.637+02:00  INFO 18161 --- [NewNowAppBe-Main] [           main] o.hibernate.jpa.internal.util.LogHelper  : HHH000204: Processing PersistenceUnitInfo [name: default]
2025-09-11T09:17:16.656+02:00  INFO 18161 --- [NewNowAppBe-Main] [           main] org.hibernate.Version                    : HHH000412: Hibernate ORM core version 6.6.26.Final
2025-09-11T09:17:16.669+02:00  INFO 18161 --- [NewNowAppBe-Main] [           main] o.h.c.internal.RegionFactoryInitiator    : HHH000026: Second-level cache disabled
2025-09-11T09:17:16.791+02:00  INFO 18161 --- [NewNowAppBe-Main] [           main] o.s.o.j.p.SpringPersistenceUnitInfo      : No LoadTimeWeaver setup: ignoring JPA class transformer
2025-09-11T09:17:16.821+02:00  INFO 18161 --- [NewNowAppBe-Main] [           main] org.hibernate.orm.connections.pooling    : HHH10001005: Database info:
	Database JDBC URL [Connecting through datasource 'HikariDataSource (HikariPool-1)']
	Database driver: undefined/unknown
	Database version: 2.3.232
	Autocommit mode: undefined/unknown
	Isolation level: undefined/unknown
	Minimum pool size: undefined/unknown
	Maximum pool size: undefined/unknown
2025-09-11T09:17:16.955+02:00  INFO 18161 --- [NewNowAppBe-Main] [           main] o.h.e.t.j.p.i.JtaPlatformInitiator       : HHH000489: No JTA platform available (set 'hibernate.transaction.jta.platform' to enable JTA platform integration)
2025-09-11T09:17:16.957+02:00  INFO 18161 --- [NewNowAppBe-Main] [           main] j.LocalContainerEntityManagerFactoryBean : Initialized JPA EntityManagerFactory for persistence unit 'default'
2025-09-11T09:17:17.038+02:00  WARN 18161 --- [NewNowAppBe-Main] [           main] JpaBaseConfiguration$JpaWebConfiguration : spring.jpa.open-in-view is enabled by default. Therefore, database queries may be performed during view rendering. Explicitly configure spring.jpa.open-in-view to disable this warning
2025-09-11T09:17:17.171+02:00  INFO 18161 --- [NewNowAppBe-Main] [           main] o.s.b.a.h2.H2ConsoleAutoConfiguration    : H2 console available at '/h2-console'. Database available at 'jdbc:h2:mem:nowappdb'
2025-09-11T09:17:17.226+02:00  INFO 18161 --- [NewNowAppBe-Main] [           main] .n.a.b.m.NewNowAppBeMainApplicationTests : Started NewNowAppBeMainApplicationTests in 1.363 seconds (process running for 1.791)
]]></system-out>
    <system-err><![CDATA[Mockito is currently self-attaching to enable the inline-mock-maker. This will no longer work in future releases of the JDK. Please add Mockito as an agent to your build as described in Mockito's documentation: https://javadoc.io/doc/org.mockito/mockito-core/latest/org.mockito/org/mockito/Mockito.html#0.3
WARNING: A Java agent has been loaded dynamically (/Users/joseplasenciavillarejo/.m2/repository/net/bytebuddy/byte-buddy-agent/1.17.7/byte-buddy-agent-1.17.7.jar)
WARNING: If a serviceability tool is in use, please run with -XX:+EnableDynamicAgentLoading to hide this warning
WARNING: If a serviceability tool is not in use, please run with -Djdk.instrument.traceUsage for more information
WARNING: Dynamic loading of agents will be disallowed by default in a future release
]]></system-err>
  </testcase>
</testsuite>